2025-01-28 09:24:22,917 - INFO - Archivo procesado con éxito: /home/jiajun.ye.7e6/PycharmProjects/TA06-Python_CSV_Web_Sostenibilitat/E01/proves/precip.P20171.MIROC5.RCP60.2006-2100.REGRESION.dat
2025-01-28 09:24:22,977 - INFO - Archivo procesado con éxito: /home/jiajun.ye.7e6/PycharmProjects/TA06-Python_CSV_Web_Sostenibilitat/E01/proves/precip.P20174.MIROC5.RCP60.2006-2100.REGRESION.dat
2025-01-28 09:24:23,034 - INFO - Archivo procesado con éxito: /home/jiajun.ye.7e6/PycharmProjects/TA06-Python_CSV_Web_Sostenibilitat/E01/proves/precip.P20175.MIROC5.RCP60.2006-2100.REGRESION.dat
2025-01-28 09:24:23,077 - ERROR - Error exportant resum a CSV: Cannot save file into a non-existent directory: '../E03'
2025-01-28 09:36:24,672 - INFO - Archivo procesado con éxito: ../../E01/proves/precip.P20171.MIROC5.RCP60.2006-2100.REGRESION.dat
2025-01-28 09:36:24,733 - INFO - Archivo procesado con éxito: ../../E01/proves/precip.P20174.MIROC5.RCP60.2006-2100.REGRESION.dat
2025-01-28 09:36:24,797 - INFO - Archivo procesado con éxito: ../../E01/proves/precip.P20175.MIROC5.RCP60.2006-2100.REGRESION.dat
2025-01-28 09:36:24,845 - INFO - Resum estadístic exportat a resum_estadistic.csv
2025-01-28 09:51:19,271 - INFO - Archivo procesado con éxito: ../../E01/dades/precip.P1.MIROC5.RCP60.2006-2100.REGRESION.dat
2025-01-28 09:51:19,313 - ERROR - Error procesando el archivo ../../E01/dades/precip.P3.MIROC5.RCP60.2006-2100.REGRESION.dat: 34 columns passed, passed data had 36 columns
2025-01-28 09:51:19,313 - ERROR - Procesando precip.P3.MIROC5.RCP60.2006-2100.REGRESION.dat: ERROR: 34 columns passed, passed data had 36 columns
2025-01-28 09:51:19,336 - INFO - Archivo procesado con éxito: ../../E01/dades/precip.P4.MIROC5.RCP60.2006-2100.REGRESION.dat
2025-01-28 09:51:19,393 - INFO - Archivo procesado con éxito: ../../E01/dades/precip.P5.MIROC5.RCP60.2006-2100.REGRESION.dat
2025-01-28 09:51:19,456 - INFO - Archivo procesado con éxito: ../../E01/dades/precip.P6.MIROC5.RCP60.2006-2100.REGRESION.dat
2025-01-28 09:51:19,511 - INFO - Archivo procesado con éxito: ../../E01/dades/precip.P7.MIROC5.RCP60.2006-2100.REGRESION.dat
2025-01-28 09:51:19,566 - INFO - Archivo procesado con éxito: ../../E01/dades/precip.P8.MIROC5.RCP60.2006-2100.REGRESION.dat
2025-01-28 09:51:19,619 - INFO - Archivo procesado con éxito: ../../E01/dades/precip.P9.MIROC5.RCP60.2006-2100.REGRESION.dat
2025-01-28 09:51:19,682 - INFO - Archivo procesado con éxito: ../../E01/dades/precip.P10.MIROC5.RCP60.2006-2100.REGRESION.dat
2025-01-28 09:51:19,738 - INFO - Archivo procesado con éxito: ../../E01/dades/precip.P11.MIROC5.RCP60.2006-2100.REGRESION.dat
2025-01-28 09:51:19,794 - INFO - Archivo procesado con éxito: ../../E01/dades/precip.P12.MIROC5.RCP60.2006-2100.REGRESION.dat
2025-01-28 09:51:19,849 - INFO - Archivo procesado con éxito: ../../E01/dades/precip.P14.MIROC5.RCP60.2006-2100.REGRESION.dat
2025-01-28 09:51:19,909 - INFO - Archivo procesado con éxito: ../../E01/dades/precip.P15.MIROC5.RCP60.2006-2100.REGRESION.dat
2025-01-28 09:51:19,965 - INFO - Archivo procesado con éxito: ../../E01/dades/precip.P16.MIROC5.RCP60.2006-2100.REGRESION.dat
2025-01-28 09:51:20,020 - INFO - Archivo procesado con éxito: ../../E01/dades/precip.P17.MIROC5.RCP60.2006-2100.REGRESION.dat
2025-01-28 09:51:20,091 - INFO - Archivo procesado con éxito: ../../E01/dades/precip.P18.MIROC5.RCP60.2006-2100.REGRESION.dat
2025-01-28 09:51:20,154 - INFO - Archivo procesado con éxito: ../../E01/dades/precip.P19.MIROC5.RCP60.2006-2100.REGRESION.dat
2025-01-28 09:51:20,212 - INFO - Archivo procesado con éxito: ../../E01/dades/precip.P21.MIROC5.RCP60.2006-2100.REGRESION.dat
2025-01-28 09:51:20,265 - INFO - Archivo procesado con éxito: ../../E01/dades/precip.P22.MIROC5.RCP60.2006-2100.REGRESION.dat
2025-01-28 09:51:20,319 - INFO - Archivo procesado con éxito: ../../E01/dades/precip.P23.MIROC5.RCP60.2006-2100.REGRESION.dat
2025-01-28 09:51:20,377 - INFO - Archivo procesado con éxito: ../../E01/dades/precip.P24.MIROC5.RCP60.2006-2100.REGRESION.dat
2025-01-28 09:51:20,432 - INFO - Archivo procesado con éxito: ../../E01/dades/precip.P25.MIROC5.RCP60.2006-2100.REGRESION.dat
2025-01-28 09:51:20,486 - INFO - Archivo procesado con éxito: ../../E01/dades/precip.P26.MIROC5.RCP60.2006-2100.REGRESION.dat
2025-01-28 09:51:20,541 - INFO - Archivo procesado con éxito: ../../E01/dades/precip.P27.MIROC5.RCP60.2006-2100.REGRESION.dat
2025-01-28 09:51:20,598 - INFO - Archivo procesado con éxito: ../../E01/dades/precip.P28.MIROC5.RCP60.2006-2100.REGRESION.dat
2025-01-28 09:51:20,653 - INFO - Archivo procesado con éxito: ../../E01/dades/precip.P29.MIROC5.RCP60.2006-2100.REGRESION.dat
2025-01-28 09:51:20,707 - INFO - Archivo procesado con éxito: ../../E01/dades/precip.P30.MIROC5.RCP60.2006-2100.REGRESION.dat
2025-01-28 09:51:20,761 - INFO - Archivo procesado con éxito: ../../E01/dades/precip.P31.MIROC5.RCP60.2006-2100.REGRESION.dat
2025-01-28 09:51:20,818 - INFO - Archivo procesado con éxito: ../../E01/dades/precip.P32.MIROC5.RCP60.2006-2100.REGRESION.dat
2025-01-28 09:51:20,872 - INFO - Archivo procesado con éxito: ../../E01/dades/precip.P33.MIROC5.RCP60.2006-2100.REGRESION.dat
2025-01-28 09:51:20,927 - INFO - Archivo procesado con éxito: ../../E01/dades/precip.P34.MIROC5.RCP60.2006-2100.REGRESION.dat
2025-01-28 09:51:20,981 - INFO - Archivo procesado con éxito: ../../E01/dades/precip.P35.MIROC5.RCP60.2006-2100.REGRESION.dat
2025-01-28 09:51:21,038 - INFO - Archivo procesado con éxito: ../../E01/dades/precip.P36.MIROC5.RCP60.2006-2100.REGRESION.dat
2025-01-28 09:51:21,095 - INFO - Archivo procesado con éxito: ../../E01/dades/precip.P37.MIROC5.RCP60.2006-2100.REGRESION.dat
2025-01-28 09:51:21,152 - INFO - Archivo procesado con éxito: ../../E01/dades/precip.P38.MIROC5.RCP60.2006-2100.REGRESION.dat
2025-01-28 09:51:21,209 - INFO - Archivo procesado con éxito: ../../E01/dades/precip.P39.MIROC5.RCP60.2006-2100.REGRESION.dat
2025-01-28 09:51:21,268 - INFO - Archivo procesado con éxito: ../../E01/dades/precip.P40.MIROC5.RCP60.2006-2100.REGRESION.dat
2025-01-28 09:51:21,325 - INFO - Archivo procesado con éxito: ../../E01/dades/precip.P41.MIROC5.RCP60.2006-2100.REGRESION.dat
2025-01-28 09:51:21,382 - INFO - Archivo procesado con éxito: ../../E01/dades/precip.P42.MIROC5.RCP60.2006-2100.REGRESION.dat
2025-01-28 09:51:21,444 - INFO - Archivo procesado con éxito: ../../E01/dades/precip.P43.MIROC5.RCP60.2006-2100.REGRESION.dat
2025-01-28 09:51:21,509 - INFO - Archivo procesado con éxito: ../../E01/dades/precip.P44.MIROC5.RCP60.2006-2100.REGRESION.dat
2025-01-28 09:51:21,565 - INFO - Archivo procesado con éxito: ../../E01/dades/precip.P45.MIROC5.RCP60.2006-2100.REGRESION.dat
2025-01-28 09:51:21,621 - INFO - Archivo procesado con éxito: ../../E01/dades/precip.P46.MIROC5.RCP60.2006-2100.REGRESION.dat
2025-01-28 09:51:21,676 - INFO - Archivo procesado con éxito: ../../E01/dades/precip.P47.MIROC5.RCP60.2006-2100.REGRESION.dat
2025-01-28 09:51:21,736 - INFO - Archivo procesado con éxito: ../../E01/dades/precip.P48.MIROC5.RCP60.2006-2100.REGRESION.dat
2025-01-28 09:51:21,791 - INFO - Archivo procesado con éxito: ../../E01/dades/precip.P49.MIROC5.RCP60.2006-2100.REGRESION.dat
2025-01-28 09:51:21,846 - INFO - Archivo procesado con éxito: ../../E01/dades/precip.P50.MIROC5.RCP60.2006-2100.REGRESION.dat
2025-01-28 09:51:21,900 - INFO - Archivo procesado con éxito: ../../E01/dades/precip.P51.MIROC5.RCP60.2006-2100.REGRESION.dat
