2025-01-24 12:30:17,400 - INFO - Archivo procesado con éxito: ../../E01/proves/precip.P20171.MIROC5.RCP60.2006-2100.REGRESION.dat
    2025-01-24 12:30:17,530 - INFO - Archivo procesado con éxito: ../../E01/proves/precip.P20174.MIROC5.RCP60.2006-2100.REGRESION.dat
2025-01-24 12:30:17,667 - INFO - Archivo procesado con éxito: ../../E01/proves/precip.P20175.MIROC5.RCP60.2006-2100.REGRESION.dat
2025-01-24 12:31:39,313 - INFO - Archivo procesado con éxito: ../../E01/proves/precip.P20171.MIROC5.RCP60.2006-2100.REGRESION.dat
2025-01-24 12:31:39,367 - INFO - Archivo procesado con éxito: ../../E01/proves/precip.P20174.MIROC5.RCP60.2006-2100.REGRESION.dat
2025-01-24 12:31:39,420 - INFO - Archivo procesado con éxito: ../../E01/proves/precip.P20175.MIROC5.RCP60.2006-2100.REGRESION.dat
2025-01-28 08:19:00,311 - INFO - Archivo procesado con éxito: ../../E01/proves/precip.P20171.MIROC5.RCP60.2006-2100.REGRESION.dat
2025-01-28 08:19:00,398 - INFO - Archivo procesado con éxito: ../../E01/proves/precip.P20174.MIROC5.RCP60.2006-2100.REGRESION.dat
2025-01-28 08:19:00,456 - INFO - Archivo procesado con éxito: ../../E01/proves/precip.P20175.MIROC5.RCP60.2006-2100.REGRESION.dat
2025-01-28 08:26:43,688 - INFO - Archivo procesado con éxito: ../../E01/proves/precip.P20171.MIROC5.RCP60.2006-2100.REGRESION.dat
2025-01-28 08:26:43,744 - INFO - Archivo procesado con éxito: ../../E01/proves/precip.P20174.MIROC5.RCP60.2006-2100.REGRESION.dat
2025-01-28 08:26:43,799 - INFO - Archivo procesado con éxito: ../../E01/proves/precip.P20175.MIROC5.RCP60.2006-2100.REGRESION.dat
2025-01-28 08:26:43,849 - INFO - Resumen estadístico exportado a resumen_estadistico.csv
2025-01-28 08:26:45,193 - INFO - Página web generada con éxito
2025-01-28 08:49:34,180 - INFO - Archivo procesado con éxito: ../../E01/proves/precip.P20171.MIROC5.RCP60.2006-2100.REGRESION.dat
2025-01-28 08:49:34,239 - INFO - Archivo procesado con éxito: ../../E01/proves/precip.P20174.MIROC5.RCP60.2006-2100.REGRESION.dat
2025-01-28 08:49:34,296 - INFO - Archivo procesado con éxito: ../../E01/proves/precip.P20175.MIROC5.RCP60.2006-2100.REGRESION.dat
2025-01-28 08:49:34,343 - INFO - Resum estadístic exportat a resumen_estadistico.csv
2025-01-28 08:54:47,475 - INFO - Archivo procesado con éxito: ../../E01/proves/precip.P20171.MIROC5.RCP60.2006-2100.REGRESION.dat
2025-01-28 08:54:47,532 - INFO - Archivo procesado con éxito: ../../E01/proves/precip.P20174.MIROC5.RCP60.2006-2100.REGRESION.dat
2025-01-28 08:54:47,589 - INFO - Archivo procesado con éxito: ../../E01/proves/precip.P20175.MIROC5.RCP60.2006-2100.REGRESION.dat
2025-01-28 08:54:47,636 - INFO - Resum estadístic exportat a resumen_estadistico.csv
2025-01-28 08:57:00,411 - INFO - Archivo procesado con éxito: ../../E01/proves/precip.P20171.MIROC5.RCP60.2006-2100.REGRESION.dat
2025-01-28 08:57:00,470 - INFO - Archivo procesado con éxito: ../../E01/proves/precip.P20174.MIROC5.RCP60.2006-2100.REGRESION.dat
2025-01-28 08:57:00,530 - INFO - Archivo procesado con éxito: ../../E01/proves/precip.P20175.MIROC5.RCP60.2006-2100.REGRESION.dat
2025-01-28 08:57:00,576 - INFO - Resum estadístic exportat a resumen_estadistico.csv
2025-01-28 08:59:44,208 - INFO - Archivo procesado con éxito: ../../E01/proves/precip.P20171.MIROC5.RCP60.2006-2100.REGRESION.dat
2025-01-28 08:59:44,265 - INFO - Archivo procesado con éxito: ../../E01/proves/precip.P20174.MIROC5.RCP60.2006-2100.REGRESION.dat
2025-01-28 08:59:44,323 - INFO - Archivo procesado con éxito: ../../E01/proves/precip.P20175.MIROC5.RCP60.2006-2100.REGRESION.dat
2025-01-28 08:59:44,368 - INFO - Resum estadístic exportat a resum_estadistic.csv
2025-01-28 09:03:36,005 - INFO - Archivo procesado con éxito: ../../E01/proves/precip.P20171.MIROC5.RCP60.2006-2100.REGRESION.dat
2025-01-28 09:03:36,063 - INFO - Archivo procesado con éxito: ../../E01/proves/precip.P20174.MIROC5.RCP60.2006-2100.REGRESION.dat
2025-01-28 09:03:36,120 - INFO - Archivo procesado con éxito: ../../E01/proves/precip.P20175.MIROC5.RCP60.2006-2100.REGRESION.dat
2025-01-28 09:04:35,809 - INFO - Archivo procesado con éxito: ../../E01/proves/precip.P20171.MIROC5.RCP60.2006-2100.REGRESION.dat
2025-01-28 09:04:35,870 - INFO - Archivo procesado con éxito: ../../E01/proves/precip.P20174.MIROC5.RCP60.2006-2100.REGRESION.dat
2025-01-28 09:04:35,926 - INFO - Archivo procesado con éxito: ../../E01/proves/precip.P20175.MIROC5.RCP60.2006-2100.REGRESION.dat
2025-01-28 09:04:35,970 - INFO - Resum estadístic exportat a resum_estadistic.csv
2025-01-28 09:05:45,650 - INFO - Archivo procesado con éxito: ../../E01/proves/precip.P20171.MIROC5.RCP60.2006-2100.REGRESION.dat
2025-01-28 09:05:45,716 - INFO - Archivo procesado con éxito: ../../E01/proves/precip.P20174.MIROC5.RCP60.2006-2100.REGRESION.dat
2025-01-28 09:05:45,772 - INFO - Archivo procesado con éxito: ../../E01/proves/precip.P20175.MIROC5.RCP60.2006-2100.REGRESION.dat
2025-01-28 09:05:45,818 - INFO - Resum estadístic exportat a resum_estadistic.csv
2025-01-28 09:10:50,971 - INFO - Archivo procesado con éxito: ../../E01/proves/precip.P20171.MIROC5.RCP60.2006-2100.REGRESION.dat
2025-01-28 09:10:51,026 - INFO - Archivo procesado con éxito: ../../E01/proves/precip.P20174.MIROC5.RCP60.2006-2100.REGRESION.dat
2025-01-28 09:10:51,080 - INFO - Archivo procesado con éxito: ../../E01/proves/precip.P20175.MIROC5.RCP60.2006-2100.REGRESION.dat
2025-01-28 09:10:51,126 - INFO - Resum estadístic exportat a resum_estadistic.csv
